2021-06-17 10:39:45.931  INFO 5234 --- [main] s.EcommerceCatalogServerApplicationTests : Starting EcommerceCatalogServerApplicationTests using Java 15.0.1 on sandeep-desktop with PID 5234 (started by sandeep in /home/sandeep/Documents/myprojects/ecommerce-catalog-server)
2021-06-17 10:39:45.935 DEBUG 5234 --- [main] s.EcommerceCatalogServerApplicationTests : Running with Spring Boot v2.5.0, Spring v5.3.7
2021-06-17 10:39:45.937  INFO 5234 --- [main] s.EcommerceCatalogServerApplicationTests : No active profile set, falling back to default profiles: default
2021-06-17 10:39:47.821  INFO 5234 --- [main] .s.d.r.c.RepositoryConfigurationDelegate : Bootstrapping Spring Data JPA repositories in DEFAULT mode.
2021-06-17 10:39:47.896  INFO 5234 --- [main] .s.d.r.c.RepositoryConfigurationDelegate : Finished Spring Data repository scanning in 55 ms. Found 3 JPA repository interfaces.
2021-06-17 10:39:48.536  INFO 5234 --- [main] trationDelegate$BeanPostProcessorChecker : Bean 'management.metrics-org.springframework.boot.actuate.autoconfigure.metrics.MetricsProperties' of type [org.springframework.boot.actuate.autoconfigure.metrics.MetricsProperties] is not eligible for getting processed by all BeanPostProcessors (for example: not eligible for auto-proxying)
2021-06-17 10:39:48.539  INFO 5234 --- [main] trationDelegate$BeanPostProcessorChecker : Bean 'org.springframework.boot.actuate.autoconfigure.metrics.data.RepositoryMetricsAutoConfiguration' of type [org.springframework.boot.actuate.autoconfigure.metrics.data.RepositoryMetricsAutoConfiguration] is not eligible for getting processed by all BeanPostProcessors (for example: not eligible for auto-proxying)
2021-06-17 10:39:48.542  INFO 5234 --- [main] trationDelegate$BeanPostProcessorChecker : Bean 'org.springframework.boot.actuate.autoconfigure.metrics.export.simple.SimpleMetricsExportAutoConfiguration' of type [org.springframework.boot.actuate.autoconfigure.metrics.export.simple.SimpleMetricsExportAutoConfiguration] is not eligible for getting processed by all BeanPostProcessors (for example: not eligible for auto-proxying)
2021-06-17 10:39:48.546  INFO 5234 --- [main] trationDelegate$BeanPostProcessorChecker : Bean 'management.metrics.export.simple-org.springframework.boot.actuate.autoconfigure.metrics.export.simple.SimpleProperties' of type [org.springframework.boot.actuate.autoconfigure.metrics.export.simple.SimpleProperties] is not eligible for getting processed by all BeanPostProcessors (for example: not eligible for auto-proxying)
2021-06-17 10:39:48.574  INFO 5234 --- [main] trationDelegate$BeanPostProcessorChecker : Bean 'simpleConfig' of type [org.springframework.boot.actuate.autoconfigure.metrics.export.simple.SimplePropertiesConfigAdapter] is not eligible for getting processed by all BeanPostProcessors (for example: not eligible for auto-proxying)
2021-06-17 10:39:48.582  INFO 5234 --- [main] trationDelegate$BeanPostProcessorChecker : Bean 'org.springframework.boot.actuate.autoconfigure.metrics.MetricsAutoConfiguration' of type [org.springframework.boot.actuate.autoconfigure.metrics.MetricsAutoConfiguration] is not eligible for getting processed by all BeanPostProcessors (for example: not eligible for auto-proxying)
2021-06-17 10:39:48.584  INFO 5234 --- [main] trationDelegate$BeanPostProcessorChecker : Bean 'micrometerClock' of type [io.micrometer.core.instrument.Clock$1] is not eligible for getting processed by all BeanPostProcessors (for example: not eligible for auto-proxying)
2021-06-17 10:39:48.668  INFO 5234 --- [main] trationDelegate$BeanPostProcessorChecker : Bean 'simpleMeterRegistry' of type [io.micrometer.core.instrument.simple.SimpleMeterRegistry] is not eligible for getting processed by all BeanPostProcessors (for example: not eligible for auto-proxying)
2021-06-17 10:39:48.683  INFO 5234 --- [main] trationDelegate$BeanPostProcessorChecker : Bean 'repositoryTagsProvider' of type [org.springframework.boot.actuate.metrics.data.DefaultRepositoryTagsProvider] is not eligible for getting processed by all BeanPostProcessors (for example: not eligible for auto-proxying)
2021-06-17 10:39:48.688  INFO 5234 --- [main] trationDelegate$BeanPostProcessorChecker : Bean 'metricsRepositoryMethodInvocationListener' of type [org.springframework.boot.actuate.metrics.data.MetricsRepositoryMethodInvocationListener] is not eligible for getting processed by all BeanPostProcessors (for example: not eligible for auto-proxying)
2021-06-17 10:39:48.886  INFO 5234 --- [main] com.zaxxer.hikari.HikariDataSource       : HikariPool-1 - Starting...
2021-06-17 10:39:49.085  INFO 5234 --- [main] com.zaxxer.hikari.HikariDataSource       : HikariPool-1 - Start completed.
2021-06-17 10:39:49.321  INFO 5234 --- [main] o.hibernate.jpa.internal.util.LogHelper  : HHH000204: Processing PersistenceUnitInfo [name: default]
2021-06-17 10:39:49.492  INFO 5234 --- [main] org.hibernate.Version                    : HHH000412: Hibernate ORM core version 5.4.31.Final
2021-06-17 10:39:49.975  INFO 5234 --- [main] o.hibernate.annotations.common.Version   : HCANN000001: Hibernate Commons Annotations {5.1.2.Final}
2021-06-17 10:39:50.201  INFO 5234 --- [main] org.hibernate.dialect.Dialect            : HHH000400: Using dialect: org.hibernate.dialect.H2Dialect
2021-06-17 10:39:50.975  INFO 5234 --- [main] o.h.e.t.j.p.i.JtaPlatformInitiator       : HHH000490: Using JtaPlatform implementation: [org.hibernate.engine.transaction.jta.platform.internal.NoJtaPlatform]
2021-06-17 10:39:50.980  INFO 5234 --- [main] j.LocalContainerEntityManagerFactoryBean : Initialized JPA EntityManagerFactory for persistence unit 'default'
2021-06-17 10:39:51.694 DEBUG 5234 --- [main] .e.c.s.EcommerceCatalogServerApplication : ecommerce-catalog-server is running product sample data filling job
2021-06-17 10:39:52.039  WARN 5234 --- [main] JpaBaseConfiguration$JpaWebConfiguration : spring.jpa.open-in-view is enabled by default. Therefore, database queries may be performed during view rendering. Explicitly configure spring.jpa.open-in-view to disable this warning
2021-06-17 10:39:52.433  INFO 5234 --- [main] o.s.b.a.h2.H2ConsoleAutoConfiguration    : H2 console available at '/h2-console'. Database available at 'jdbc:h2:mem:~/ebasketdb'
2021-06-17 10:39:53.161  INFO 5234 --- [main] o.s.b.a.e.web.EndpointLinksResolver      : Exposing 14 endpoint(s) beneath base path '/actuator'
2021-06-17 10:39:53.218  INFO 5234 --- [main] s.EcommerceCatalogServerApplicationTests : Started EcommerceCatalogServerApplicationTests in 7.784 seconds (JVM running for 9.504)
2021-06-17 10:39:53.305  INFO 5234 --- [main] o.s.b.a.ApplicationAvailabilityBean      : Application availability state LivenessState changed to CORRECT
2021-06-17 10:39:53.415  INFO 5234 --- [main] o.s.b.a.ApplicationAvailabilityBean      : Application availability state ReadinessState changed to ACCEPTING_TRAFFIC
2021-06-17 16:00:29.600  INFO 44867 --- [restartedMain] .e.c.s.EcommerceCatalogServerApplication : Starting EcommerceCatalogServerApplication using Java 15.0.1 on sandeep-desktop with PID 44867 (/home/sandeep/Documents/myprojects/ecommerce-catalog-server/target/classes started by sandeep in /home/sandeep/Documents/myprojects/ecommerce-catalog-server)
2021-06-17 16:00:29.615 DEBUG 44867 --- [restartedMain] .e.c.s.EcommerceCatalogServerApplication : Running with Spring Boot v2.5.0, Spring v5.3.7
2021-06-17 16:00:29.616  INFO 44867 --- [restartedMain] .e.c.s.EcommerceCatalogServerApplication : No active profile set, falling back to default profiles: default
2021-06-17 16:00:29.659  INFO 44867 --- [restartedMain] .e.DevToolsPropertyDefaultsPostProcessor : Devtools property defaults active! Set 'spring.devtools.add-properties' to 'false' to disable
2021-06-17 16:00:29.660  INFO 44867 --- [restartedMain] .e.DevToolsPropertyDefaultsPostProcessor : For additional web related logging consider setting the 'logging.level.web' property to 'DEBUG'
2021-06-17 16:00:30.470  INFO 44867 --- [restartedMain] .s.d.r.c.RepositoryConfigurationDelegate : Bootstrapping Spring Data JPA repositories in DEFAULT mode.
2021-06-17 16:00:30.528  INFO 44867 --- [restartedMain] .s.d.r.c.RepositoryConfigurationDelegate : Finished Spring Data repository scanning in 52 ms. Found 3 JPA repository interfaces.
2021-06-17 16:00:30.891  INFO 44867 --- [restartedMain] trationDelegate$BeanPostProcessorChecker : Bean 'management.metrics-org.springframework.boot.actuate.autoconfigure.metrics.MetricsProperties' of type [org.springframework.boot.actuate.autoconfigure.metrics.MetricsProperties] is not eligible for getting processed by all BeanPostProcessors (for example: not eligible for auto-proxying)
2021-06-17 16:00:30.893  INFO 44867 --- [restartedMain] trationDelegate$BeanPostProcessorChecker : Bean 'org.springframework.boot.actuate.autoconfigure.metrics.data.RepositoryMetricsAutoConfiguration' of type [org.springframework.boot.actuate.autoconfigure.metrics.data.RepositoryMetricsAutoConfiguration] is not eligible for getting processed by all BeanPostProcessors (for example: not eligible for auto-proxying)
2021-06-17 16:00:30.894  INFO 44867 --- [restartedMain] trationDelegate$BeanPostProcessorChecker : Bean 'org.springframework.boot.actuate.autoconfigure.metrics.export.simple.SimpleMetricsExportAutoConfiguration' of type [org.springframework.boot.actuate.autoconfigure.metrics.export.simple.SimpleMetricsExportAutoConfiguration] is not eligible for getting processed by all BeanPostProcessors (for example: not eligible for auto-proxying)
2021-06-17 16:00:30.897  INFO 44867 --- [restartedMain] trationDelegate$BeanPostProcessorChecker : Bean 'management.metrics.export.simple-org.springframework.boot.actuate.autoconfigure.metrics.export.simple.SimpleProperties' of type [org.springframework.boot.actuate.autoconfigure.metrics.export.simple.SimpleProperties] is not eligible for getting processed by all BeanPostProcessors (for example: not eligible for auto-proxying)
2021-06-17 16:00:30.900  INFO 44867 --- [restartedMain] trationDelegate$BeanPostProcessorChecker : Bean 'simpleConfig' of type [org.springframework.boot.actuate.autoconfigure.metrics.export.simple.SimplePropertiesConfigAdapter] is not eligible for getting processed by all BeanPostProcessors (for example: not eligible for auto-proxying)
2021-06-17 16:00:30.905  INFO 44867 --- [restartedMain] trationDelegate$BeanPostProcessorChecker : Bean 'org.springframework.boot.actuate.autoconfigure.metrics.MetricsAutoConfiguration' of type [org.springframework.boot.actuate.autoconfigure.metrics.MetricsAutoConfiguration] is not eligible for getting processed by all BeanPostProcessors (for example: not eligible for auto-proxying)
2021-06-17 16:00:30.907  INFO 44867 --- [restartedMain] trationDelegate$BeanPostProcessorChecker : Bean 'micrometerClock' of type [io.micrometer.core.instrument.Clock$1] is not eligible for getting processed by all BeanPostProcessors (for example: not eligible for auto-proxying)
2021-06-17 16:00:30.920  INFO 44867 --- [restartedMain] trationDelegate$BeanPostProcessorChecker : Bean 'simpleMeterRegistry' of type [io.micrometer.core.instrument.simple.SimpleMeterRegistry] is not eligible for getting processed by all BeanPostProcessors (for example: not eligible for auto-proxying)
2021-06-17 16:00:30.934  INFO 44867 --- [restartedMain] trationDelegate$BeanPostProcessorChecker : Bean 'repositoryTagsProvider' of type [org.springframework.boot.actuate.metrics.data.DefaultRepositoryTagsProvider] is not eligible for getting processed by all BeanPostProcessors (for example: not eligible for auto-proxying)
2021-06-17 16:00:30.935  INFO 44867 --- [restartedMain] trationDelegate$BeanPostProcessorChecker : Bean 'metricsRepositoryMethodInvocationListener' of type [org.springframework.boot.actuate.metrics.data.MetricsRepositoryMethodInvocationListener] is not eligible for getting processed by all BeanPostProcessors (for example: not eligible for auto-proxying)
2021-06-17 16:00:31.233  INFO 44867 --- [restartedMain] o.s.b.w.embedded.tomcat.TomcatWebServer  : Tomcat initialized with port(s): 8080 (http)
2021-06-17 16:00:31.241  INFO 44867 --- [restartedMain] o.apache.catalina.core.StandardService   : Starting service [Tomcat]
2021-06-17 16:00:31.241  INFO 44867 --- [restartedMain] org.apache.catalina.core.StandardEngine  : Starting Servlet engine: [Apache Tomcat/9.0.46]
2021-06-17 16:00:31.295  INFO 44867 --- [restartedMain] o.a.c.c.C.[Tomcat].[localhost].[/]       : Initializing Spring embedded WebApplicationContext
2021-06-17 16:00:31.295  INFO 44867 --- [restartedMain] w.s.c.ServletWebServerApplicationContext : Root WebApplicationContext: initialization completed in 1635 ms
2021-06-17 16:00:31.340  INFO 44867 --- [restartedMain] com.zaxxer.hikari.HikariDataSource       : HikariPool-1 - Starting...
2021-06-17 16:00:31.449  INFO 44867 --- [restartedMain] com.zaxxer.hikari.HikariDataSource       : HikariPool-1 - Start completed.
2021-06-17 16:00:31.454  INFO 44867 --- [restartedMain] o.s.b.a.h2.H2ConsoleAutoConfiguration    : H2 console available at '/h2-console'. Database available at 'jdbc:h2:mem:~/ebasketdb'
2021-06-17 16:00:31.611  INFO 44867 --- [restartedMain] o.hibernate.jpa.internal.util.LogHelper  : HHH000204: Processing PersistenceUnitInfo [name: default]
2021-06-17 16:00:31.696  INFO 44867 --- [restartedMain] org.hibernate.Version                    : HHH000412: Hibernate ORM core version 5.4.31.Final
2021-06-17 16:00:31.807  INFO 44867 --- [restartedMain] o.hibernate.annotations.common.Version   : HCANN000001: Hibernate Commons Annotations {5.1.2.Final}
2021-06-17 16:00:31.894  INFO 44867 --- [restartedMain] org.hibernate.dialect.Dialect            : HHH000400: Using dialect: org.hibernate.dialect.H2Dialect
2021-06-17 16:00:32.420  INFO 44867 --- [restartedMain] o.h.e.t.j.p.i.JtaPlatformInitiator       : HHH000490: Using JtaPlatform implementation: [org.hibernate.engine.transaction.jta.platform.internal.NoJtaPlatform]
2021-06-17 16:00:32.426  INFO 44867 --- [restartedMain] j.LocalContainerEntityManagerFactoryBean : Initialized JPA EntityManagerFactory for persistence unit 'default'
2021-06-17 16:00:32.954 DEBUG 44867 --- [restartedMain] .e.c.s.EcommerceCatalogServerApplication : ecommerce-catalog-server is running product sample data filling job
2021-06-17 16:00:33.004  WARN 44867 --- [restartedMain] JpaBaseConfiguration$JpaWebConfiguration : spring.jpa.open-in-view is enabled by default. Therefore, database queries may be performed during view rendering. Explicitly configure spring.jpa.open-in-view to disable this warning
2021-06-17 16:00:33.587  INFO 44867 --- [restartedMain] o.s.b.d.a.OptionalLiveReloadServer       : LiveReload server is running on port 35729
2021-06-17 16:00:33.602  INFO 44867 --- [restartedMain] o.s.b.a.e.web.EndpointLinksResolver      : Exposing 14 endpoint(s) beneath base path '/actuator'
2021-06-17 16:00:33.655  INFO 44867 --- [restartedMain] o.s.b.w.embedded.tomcat.TomcatWebServer  : Tomcat started on port(s): 8080 (http) with context path ''
2021-06-17 16:00:33.669  INFO 44867 --- [restartedMain] .e.c.s.EcommerceCatalogServerApplication : Started EcommerceCatalogServerApplication in 4.41 seconds (JVM running for 5.095)
2021-06-17 16:00:33.674  INFO 44867 --- [restartedMain] o.s.b.a.ApplicationAvailabilityBean      : Application availability state LivenessState changed to CORRECT
2021-06-17 16:00:33.734  INFO 44867 --- [RMI TCP Connection(3)-127.0.0.1] o.a.c.c.C.[Tomcat].[localhost].[/]       : Initializing Spring DispatcherServlet 'dispatcherServlet'
2021-06-17 16:00:33.734  INFO 44867 --- [RMI TCP Connection(3)-127.0.0.1] o.s.web.servlet.DispatcherServlet        : Initializing Servlet 'dispatcherServlet'
2021-06-17 16:00:33.735  INFO 44867 --- [RMI TCP Connection(3)-127.0.0.1] o.s.web.servlet.DispatcherServlet        : Completed initialization in 1 ms
2021-06-17 16:00:33.785  INFO 44867 --- [restartedMain] o.s.b.a.ApplicationAvailabilityBean      : Application availability state ReadinessState changed to ACCEPTING_TRAFFIC
2021-06-17 16:03:44.412  INFO 44867 --- [http-nio-0.0.0.0-8080-exec-3] c.e.c.s.c.i.ApplicationServerInterceptor : ecommerce-catalog-server request url - GET /aminoacides/Ala
2021-06-17 16:03:44.419  INFO 44867 --- [http-nio-0.0.0.0-8080-exec-3] c.e.c.s.c.i.ApplicationServerInterceptor : ecommerce-catalog-server request url - GET /error
2021-06-17 16:04:26.930  INFO 44867 --- [http-nio-0.0.0.0-8080-exec-4] c.e.c.s.c.i.ApplicationServerInterceptor : ecommerce-catalog-server request url - GET /aminoacids/Ala
2021-06-17 16:04:26.932  INFO 44867 --- [http-nio-0.0.0.0-8080-exec-4] c.e.c.s.c.i.ApplicationServerInterceptor : ecommerce-catalog-server request url - GET /error
2021-06-17 16:04:34.788  INFO 44867 --- [http-nio-0.0.0.0-8080-exec-5] c.e.c.s.c.i.ApplicationServerInterceptor : ecommerce-catalog-server request url - GET /aminoacids/Ala
2021-06-17 16:04:34.885  INFO 44867 --- [http-nio-0.0.0.0-8080-exec-5] c.e.c.s.c.i.ApplicationServerInterceptor : ecommerce-catalog-server request url - GET /error
2021-06-17 16:04:57.180  INFO 44867 --- [RMI TCP Connection(9)-127.0.0.1] inMXBeanRegistrar$SpringApplicationAdmin : Application shutdown requested.
2021-06-17 16:04:57.180  INFO 44867 --- [RMI TCP Connection(9)-127.0.0.1] o.s.b.a.ApplicationAvailabilityBean      : Application availability state ReadinessState changed from ACCEPTING_TRAFFIC to REFUSING_TRAFFIC
